<?xml version="1.0" encoding="UTF-8"?>
<coverage generated="1590246788056" clover="3.2.0">
  <project timestamp="1590246788056" name="All files">
    <metrics statements="20" coveredstatements="20" conditionals="4" coveredconditionals="4" methods="5" coveredmethods="5" elements="29" coveredelements="29" complexity="0" loc="20" ncloc="20" packages="1" files="2" classes="2"/>
    <file name="app.js" path="D:\Empresariales\code-breaker\app.js">
      <metrics statements="8" coveredstatements="8" conditionals="0" coveredconditionals="0" methods="1" coveredmethods="1"/>
      <line num="1" count="1" type="stmt"/>
      <line num="2" count="1" type="stmt"/>
      <line num="3" count="1" type="stmt"/>
      <line num="5" count="1" type="stmt"/>
      <line num="6" count="7" type="stmt"/>
      <line num="7" count="7" type="stmt"/>
      <line num="8" count="7" type="stmt"/>
      <line num="13" count="1" type="stmt"/>
    </file>
    <file name="code-breaker.js" path="D:\Empresariales\code-breaker\code-breaker.js">
      <metrics statements="12" coveredstatements="12" conditionals="4" coveredconditionals="4" methods="4" coveredmethods="4"/>
      <line num="5" count="8" type="stmt"/>
      <line num="9" count="1" type="stmt"/>
      <line num="13" count="15" type="stmt"/>
      <line num="14" count="15" type="stmt"/>
      <line num="15" count="15" type="stmt"/>
      <line num="16" count="60" type="stmt"/>
      <line num="17" count="60" type="cond" truecount="2" falsecount="0"/>
      <line num="18" count="25" type="stmt"/>
      <line num="19" count="35" type="cond" truecount="2" falsecount="0"/>
      <line num="20" count="16" type="stmt"/>
      <line num="23" count="15" type="stmt"/>
      <line num="27" count="2" type="stmt"/>
    </file>
  </project>
</coverage>
