{"D:\\Empresariales\\code-breaker\\app.js": {"path":"D:\\Empresariales\\code-breaker\\app.js","statementMap":{"0":{"start":{"line":1,"column":16},"end":{"line":1,"column":34}},"1":{"start":{"line":2,"column":12},"end":{"line":2,"column":21}},"2":{"start":{"line":3,"column":20},"end":{"line":3,"column":45}},"3":{"start":{"line":5,"column":0},"end":{"line":11,"column":3}},"4":{"start":{"line":6,"column":19},"end":{"line":6,"column":35}},"5":{"start":{"line":7,"column":13},"end":{"line":7,"column":30}},"6":{"start":{"line":8,"column":4},"end":{"line":10,"column":7}},"7":{"start":{"line":13,"column":0},"end":{"line":13,"column":21}}},"fnMap":{"0":{"name":"(anonymous_0)","decl":{"start":{"line":5,"column":21},"end":{"line":5,"column":22}},"loc":{"start":{"line":5,"column":35},"end":{"line":11,"column":1}},"line":5}},"branchMap":{},"s":{"0":1,"1":1,"2":1,"3":1,"4":7,"5":7,"6":7,"7":1},"f":{"0":7},"b":{},"_coverageSchema":"1a1c01bbd47fc00a2c39e90264f33305004495a9","hash":"851e60520da9363929eaa130b3e0d90fa176c72e"}
,"D:\\Empresariales\\code-breaker\\code-breaker.js": {"path":"D:\\Empresariales\\code-breaker\\code-breaker.js","statementMap":{"0":{"start":{"line":5,"column":8},"end":{"line":5,"column":29}},"1":{"start":{"line":9,"column":8},"end":{"line":9,"column":32}},"2":{"start":{"line":13,"column":28},"end":{"line":13,"column":49}},"3":{"start":{"line":14,"column":21},"end":{"line":14,"column":23}},"4":{"start":{"line":15,"column":8},"end":{"line":22,"column":10}},"5":{"start":{"line":16,"column":29},"end":{"line":16,"column":49}},"6":{"start":{"line":17,"column":12},"end":{"line":21,"column":13}},"7":{"start":{"line":18,"column":16},"end":{"line":18,"column":38}},"8":{"start":{"line":19,"column":19},"end":{"line":21,"column":13}},"9":{"start":{"line":20,"column":16},"end":{"line":20,"column":30}},"10":{"start":{"line":23,"column":8},"end":{"line":23,"column":24}},"11":{"start":{"line":27,"column":0},"end":{"line":27,"column":29}}},"fnMap":{"0":{"name":"(anonymous_0)","decl":{"start":{"line":3,"column":4},"end":{"line":3,"column":5}},"loc":{"start":{"line":3,"column":19},"end":{"line":6,"column":5}},"line":3},"1":{"name":"(anonymous_1)","decl":{"start":{"line":8,"column":4},"end":{"line":8,"column":5}},"loc":{"start":{"line":8,"column":25},"end":{"line":10,"column":5}},"line":8},"2":{"name":"(anonymous_2)","decl":{"start":{"line":12,"column":4},"end":{"line":12,"column":5}},"loc":{"start":{"line":12,"column":20},"end":{"line":24,"column":5}},"line":12},"3":{"name":"(anonymous_3)","decl":{"start":{"line":15,"column":28},"end":{"line":15,"column":29}},"loc":{"start":{"line":15,"column":46},"end":{"line":22,"column":9}},"line":15}},"branchMap":{"0":{"loc":{"start":{"line":17,"column":12},"end":{"line":21,"column":13}},"type":"if","locations":[{"start":{"line":17,"column":12},"end":{"line":21,"column":13}},{"start":{"line":17,"column":12},"end":{"line":21,"column":13}}],"line":17},"1":{"loc":{"start":{"line":19,"column":19},"end":{"line":21,"column":13}},"type":"if","locations":[{"start":{"line":19,"column":19},"end":{"line":21,"column":13}},{"start":{"line":19,"column":19},"end":{"line":21,"column":13}}],"line":19}},"s":{"0":8,"1":1,"2":15,"3":15,"4":15,"5":60,"6":60,"7":25,"8":35,"9":16,"10":15,"11":2},"f":{"0":8,"1":1,"2":15,"3":60},"b":{"0":[25,35],"1":[16,19]},"_coverageSchema":"1a1c01bbd47fc00a2c39e90264f33305004495a9","hash":"f875141e9cbfc856e2ffc4dbf11dc1c80b2eee8d"}
}
