TN:
SF:app.js
FN:5,(anonymous_0)
FNF:1
FNH:1
FNDA:7,(anonymous_0)
DA:1,1
DA:2,1
DA:3,1
DA:5,1
DA:6,7
DA:7,7
DA:8,7
DA:13,1
LF:8
LH:8
BRF:0
BRH:0
end_of_record
TN:
SF:code-breaker.js
FN:3,(anonymous_0)
FN:8,(anonymous_1)
FN:12,(anonymous_2)
FN:15,(anonymous_3)
FNF:4
FNH:4
FNDA:8,(anonymous_0)
FNDA:1,(anonymous_1)
FNDA:15,(anonymous_2)
FNDA:60,(anonymous_3)
DA:5,8
DA:9,1
DA:13,15
DA:14,15
DA:15,15
DA:16,60
DA:17,60
DA:18,25
DA:19,35
DA:20,16
DA:23,15
DA:27,2
LF:12
LH:12
BRDA:17,0,0,25
BRDA:17,0,1,35
BRDA:19,1,0,16
BRDA:19,1,1,19
BRF:4
BRH:4
end_of_record
